<?xml version="1.0" encoding="UTF-8"?>
<!-- Generated by org.testng.reporters.JUnitReportReporter -->
<testsuite hostname="DESKTOP-S74MCBE" failures="0" tests="2" name="WelthSpring.NewTest" time="55.106" errors="0" timestamp="2024-03-19T10:36:53 IST" skipped="0">
  <testcase classname="WelthSpring.NewTest" name="loginpage2" time="28.180"/>
  <testcase classname="WelthSpring.NewTest" name="loginpage" time="26.926"/>
</testsuite> <!-- WelthSpring.NewTest -->
